CRITICAL - 2022-04-16 03:47:32 --> syntax error, unexpected token ":", expecting "," or ";"
#0 C:\xampp\htdocs\FinTech\vendor\codeigniter4\framework\system\Router\Router.php(175): CodeIgniter\Router\Router->autoRoute('Home/Index2')
#1 C:\xampp\htdocs\FinTech\vendor\codeigniter4\framework\system\CodeIgniter.php(726): CodeIgniter\Router\Router->handle('Home/Index2')
#2 C:\xampp\htdocs\FinTech\vendor\codeigniter4\framework\system\CodeIgniter.php(368): CodeIgniter\CodeIgniter->tryToRouteIt(Object(CodeIgniter\Router\RouteCollection))
#3 C:\xampp\htdocs\FinTech\vendor\codeigniter4\framework\system\CodeIgniter.php(326): CodeIgniter\CodeIgniter->handleRequest(NULL, Object(Config\Cache), false)
#4 C:\xampp\htdocs\FinTech\public\index.php(37): CodeIgniter\CodeIgniter->run()
#5 {main}
CRITICAL - 2022-04-16 03:50:49 --> Cannot declare class App\Controllers\Home, because the name is already in use
#0 [internal function]: CodeIgniter\Debug\Exceptions->shutdownHandler()
#1 {main}
ERROR - 2022-04-16 04:16:41 --> Error connecting to the database: Access denied for user ''@'localhost' (using password: NO)
CRITICAL - 2022-04-16 04:16:41 --> Unable to connect to the database.
Main connection [MySQLi]: Access denied for user ''@'localhost' (using password: NO)
#0 C:\xampp\htdocs\FinTech\vendor\codeigniter4\framework\system\Database\BaseConnection.php(577): CodeIgniter\Database\BaseConnection->initialize()
#1 C:\xampp\htdocs\FinTech\vendor\codeigniter4\framework\system\Database\BaseBuilder.php(1455): CodeIgniter\Database\BaseConnection->query('SELECT *\nFROM `...', Array, false)
#2 C:\xampp\htdocs\FinTech\app\Controllers\Home.php(20): CodeIgniter\Database\BaseBuilder->get()
#3 C:\xampp\htdocs\FinTech\vendor\codeigniter4\framework\system\CodeIgniter.php(832): App\Controllers\Home->index2()
#4 C:\xampp\htdocs\FinTech\vendor\codeigniter4\framework\system\CodeIgniter.php(419): CodeIgniter\CodeIgniter->runController(Object(App\Controllers\Home))
#5 C:\xampp\htdocs\FinTech\vendor\codeigniter4\framework\system\CodeIgniter.php(326): CodeIgniter\CodeIgniter->handleRequest(NULL, Object(Config\Cache), false)
#6 C:\xampp\htdocs\FinTech\public\index.php(37): CodeIgniter\CodeIgniter->run()
#7 {main}
ERROR - 2022-04-16 04:16:56 --> Error connecting to the database: Access denied for user ''@'localhost' (using password: NO)
CRITICAL - 2022-04-16 04:16:56 --> Unable to connect to the database.
Main connection [MySQLi]: Access denied for user ''@'localhost' (using password: NO)
#0 C:\xampp\htdocs\FinTech\vendor\codeigniter4\framework\system\Database\BaseConnection.php(577): CodeIgniter\Database\BaseConnection->initialize()
#1 C:\xampp\htdocs\FinTech\vendor\codeigniter4\framework\system\Database\BaseBuilder.php(1455): CodeIgniter\Database\BaseConnection->query('SELECT *\nFROM `...', Array, false)
#2 C:\xampp\htdocs\FinTech\app\Controllers\Home.php(20): CodeIgniter\Database\BaseBuilder->get()
#3 C:\xampp\htdocs\FinTech\vendor\codeigniter4\framework\system\CodeIgniter.php(832): App\Controllers\Home->index2()
#4 C:\xampp\htdocs\FinTech\vendor\codeigniter4\framework\system\CodeIgniter.php(419): CodeIgniter\CodeIgniter->runController(Object(App\Controllers\Home))
#5 C:\xampp\htdocs\FinTech\vendor\codeigniter4\framework\system\CodeIgniter.php(326): CodeIgniter\CodeIgniter->handleRequest(NULL, Object(Config\Cache), false)
#6 C:\xampp\htdocs\FinTech\public\index.php(37): CodeIgniter\CodeIgniter->run()
#7 {main}
ERROR - 2022-04-16 04:17:20 --> Error connecting to the database: Access denied for user ''@'localhost' (using password: NO)
CRITICAL - 2022-04-16 04:17:20 --> Unable to connect to the database.
Main connection [MySQLi]: Access denied for user ''@'localhost' (using password: NO)
#0 C:\xampp\htdocs\FinTech\vendor\codeigniter4\framework\system\Database\BaseConnection.php(577): CodeIgniter\Database\BaseConnection->initialize()
#1 C:\xampp\htdocs\FinTech\vendor\codeigniter4\framework\system\Database\BaseBuilder.php(1455): CodeIgniter\Database\BaseConnection->query('SELECT *\nFROM `...', Array, false)
#2 C:\xampp\htdocs\FinTech\app\Controllers\Home.php(20): CodeIgniter\Database\BaseBuilder->get()
#3 C:\xampp\htdocs\FinTech\vendor\codeigniter4\framework\system\CodeIgniter.php(832): App\Controllers\Home->index2()
#4 C:\xampp\htdocs\FinTech\vendor\codeigniter4\framework\system\CodeIgniter.php(419): CodeIgniter\CodeIgniter->runController(Object(App\Controllers\Home))
#5 C:\xampp\htdocs\FinTech\vendor\codeigniter4\framework\system\CodeIgniter.php(326): CodeIgniter\CodeIgniter->handleRequest(NULL, Object(Config\Cache), false)
#6 C:\xampp\htdocs\FinTech\public\index.php(37): CodeIgniter\CodeIgniter->run()
#7 {main}
ERROR - 2022-04-16 04:17:40 --> Error connecting to the database: Access denied for user ''@'localhost' (using password: NO)
CRITICAL - 2022-04-16 04:17:40 --> Unable to connect to the database.
Main connection [MySQLi]: Access denied for user ''@'localhost' (using password: NO)
#0 C:\xampp\htdocs\FinTech\vendor\codeigniter4\framework\system\Database\BaseConnection.php(577): CodeIgniter\Database\BaseConnection->initialize()
#1 C:\xampp\htdocs\FinTech\vendor\codeigniter4\framework\system\Database\BaseBuilder.php(1455): CodeIgniter\Database\BaseConnection->query('SELECT *\nFROM `...', Array, false)
#2 C:\xampp\htdocs\FinTech\app\Controllers\Home.php(19): CodeIgniter\Database\BaseBuilder->get()
#3 C:\xampp\htdocs\FinTech\vendor\codeigniter4\framework\system\CodeIgniter.php(832): App\Controllers\Home->index2()
#4 C:\xampp\htdocs\FinTech\vendor\codeigniter4\framework\system\CodeIgniter.php(419): CodeIgniter\CodeIgniter->runController(Object(App\Controllers\Home))
#5 C:\xampp\htdocs\FinTech\vendor\codeigniter4\framework\system\CodeIgniter.php(326): CodeIgniter\CodeIgniter->handleRequest(NULL, Object(Config\Cache), false)
#6 C:\xampp\htdocs\FinTech\public\index.php(37): CodeIgniter\CodeIgniter->run()
#7 {main}
ERROR - 2022-04-16 04:18:40 --> Error connecting to the database: Access denied for user ''@'localhost' (using password: NO)
CRITICAL - 2022-04-16 04:18:40 --> Unable to connect to the database.
Main connection [MySQLi]: Access denied for user ''@'localhost' (using password: NO)
#0 C:\xampp\htdocs\FinTech\vendor\codeigniter4\framework\system\Database\BaseConnection.php(577): CodeIgniter\Database\BaseConnection->initialize()
#1 C:\xampp\htdocs\FinTech\vendor\codeigniter4\framework\system\Database\BaseBuilder.php(1455): CodeIgniter\Database\BaseConnection->query('SELECT *\nFROM `...', Array, false)
#2 C:\xampp\htdocs\FinTech\app\Controllers\Home.php(20): CodeIgniter\Database\BaseBuilder->get()
#3 C:\xampp\htdocs\FinTech\vendor\codeigniter4\framework\system\CodeIgniter.php(832): App\Controllers\Home->index2()
#4 C:\xampp\htdocs\FinTech\vendor\codeigniter4\framework\system\CodeIgniter.php(419): CodeIgniter\CodeIgniter->runController(Object(App\Controllers\Home))
#5 C:\xampp\htdocs\FinTech\vendor\codeigniter4\framework\system\CodeIgniter.php(326): CodeIgniter\CodeIgniter->handleRequest(NULL, Object(Config\Cache), false)
#6 C:\xampp\htdocs\FinTech\public\index.php(37): CodeIgniter\CodeIgniter->run()
#7 {main}
ERROR - 2022-04-16 04:19:33 --> Error connecting to the database: Access denied for user ''@'localhost' (using password: NO)
CRITICAL - 2022-04-16 04:19:33 --> Unable to connect to the database.
Main connection [MySQLi]: Access denied for user ''@'localhost' (using password: NO)
#0 C:\xampp\htdocs\FinTech\vendor\codeigniter4\framework\system\Database\BaseConnection.php(577): CodeIgniter\Database\BaseConnection->initialize()
#1 C:\xampp\htdocs\FinTech\vendor\codeigniter4\framework\system\Database\BaseBuilder.php(1455): CodeIgniter\Database\BaseConnection->query('SELECT *\nFROM `...', Array, false)
#2 C:\xampp\htdocs\FinTech\app\Controllers\Home.php(20): CodeIgniter\Database\BaseBuilder->get()
#3 C:\xampp\htdocs\FinTech\vendor\codeigniter4\framework\system\CodeIgniter.php(832): App\Controllers\Home->index2()
#4 C:\xampp\htdocs\FinTech\vendor\codeigniter4\framework\system\CodeIgniter.php(419): CodeIgniter\CodeIgniter->runController(Object(App\Controllers\Home))
#5 C:\xampp\htdocs\FinTech\vendor\codeigniter4\framework\system\CodeIgniter.php(326): CodeIgniter\CodeIgniter->handleRequest(NULL, Object(Config\Cache), false)
#6 C:\xampp\htdocs\FinTech\public\index.php(37): CodeIgniter\CodeIgniter->run()
#7 {main}
CRITICAL - 2022-04-16 18:52:31 --> Call to undefined function App\Controllers\template()
#0 C:\xampp\htdocs\FinTech\vendor\codeigniter4\framework\system\CodeIgniter.php(832): App\Controllers\FishTanks->index()
#1 C:\xampp\htdocs\FinTech\vendor\codeigniter4\framework\system\CodeIgniter.php(419): CodeIgniter\CodeIgniter->runController(Object(App\Controllers\FishTanks))
#2 C:\xampp\htdocs\FinTech\vendor\codeigniter4\framework\system\CodeIgniter.php(326): CodeIgniter\CodeIgniter->handleRequest(NULL, Object(Config\Cache), false)
#3 C:\xampp\htdocs\FinTech\public\index.php(37): CodeIgniter\CodeIgniter->run()
#4 {main}
CRITICAL - 2022-04-16 18:53:11 --> Undefined property: App\Controllers\FishTanks::$load
#0 C:\xampp\htdocs\FinTech\app\Controllers\FishTanks.php(19): CodeIgniter\Debug\Exceptions->errorHandler(2, 'Undefined prope...', 'C:\\xampp\\htdocs...', 19)
#1 C:\xampp\htdocs\FinTech\vendor\codeigniter4\framework\system\CodeIgniter.php(832): App\Controllers\FishTanks->index()
#2 C:\xampp\htdocs\FinTech\vendor\codeigniter4\framework\system\CodeIgniter.php(419): CodeIgniter\CodeIgniter->runController(Object(App\Controllers\FishTanks))
#3 C:\xampp\htdocs\FinTech\vendor\codeigniter4\framework\system\CodeIgniter.php(326): CodeIgniter\CodeIgniter->handleRequest(NULL, Object(Config\Cache), false)
#4 C:\xampp\htdocs\FinTech\public\index.php(37): CodeIgniter\CodeIgniter->run()
#5 {main}
CRITICAL - 2022-04-16 18:59:33 --> Class "App\Controllers\My_Loader" not found
#0 C:\xampp\htdocs\FinTech\vendor\codeigniter4\framework\system\CodeIgniter.php(809): App\Controllers\FishTanks->__construct()
#1 C:\xampp\htdocs\FinTech\vendor\codeigniter4\framework\system\CodeIgniter.php(410): CodeIgniter\CodeIgniter->createController()
#2 C:\xampp\htdocs\FinTech\vendor\codeigniter4\framework\system\CodeIgniter.php(326): CodeIgniter\CodeIgniter->handleRequest(NULL, Object(Config\Cache), false)
#3 C:\xampp\htdocs\FinTech\public\index.php(37): CodeIgniter\CodeIgniter->run()
#4 {main}
CRITICAL - 2022-04-16 19:03:37 --> Call to undefined function App\Controllers\LoadTemplate()
#0 C:\xampp\htdocs\FinTech\vendor\codeigniter4\framework\system\CodeIgniter.php(832): App\Controllers\FishTanks->index()
#1 C:\xampp\htdocs\FinTech\vendor\codeigniter4\framework\system\CodeIgniter.php(419): CodeIgniter\CodeIgniter->runController(Object(App\Controllers\FishTanks))
#2 C:\xampp\htdocs\FinTech\vendor\codeigniter4\framework\system\CodeIgniter.php(326): CodeIgniter\CodeIgniter->handleRequest(NULL, Object(Config\Cache), false)
#3 C:\xampp\htdocs\FinTech\public\index.php(37): CodeIgniter\CodeIgniter->run()
#4 {main}
CRITICAL - 2022-04-16 19:04:09 --> Call to undefined function App\Controllers\LoadTemplate()
#0 C:\xampp\htdocs\FinTech\vendor\codeigniter4\framework\system\CodeIgniter.php(832): App\Controllers\FishTanks->index()
#1 C:\xampp\htdocs\FinTech\vendor\codeigniter4\framework\system\CodeIgniter.php(419): CodeIgniter\CodeIgniter->runController(Object(App\Controllers\FishTanks))
#2 C:\xampp\htdocs\FinTech\vendor\codeigniter4\framework\system\CodeIgniter.php(326): CodeIgniter\CodeIgniter->handleRequest(NULL, Object(Config\Cache), false)
#3 C:\xampp\htdocs\FinTech\public\index.php(37): CodeIgniter\CodeIgniter->run()
#4 {main}
CRITICAL - 2022-04-16 19:04:10 --> Call to undefined function App\Controllers\LoadTemplate()
#0 C:\xampp\htdocs\FinTech\vendor\codeigniter4\framework\system\CodeIgniter.php(832): App\Controllers\FishTanks->index()
#1 C:\xampp\htdocs\FinTech\vendor\codeigniter4\framework\system\CodeIgniter.php(419): CodeIgniter\CodeIgniter->runController(Object(App\Controllers\FishTanks))
#2 C:\xampp\htdocs\FinTech\vendor\codeigniter4\framework\system\CodeIgniter.php(326): CodeIgniter\CodeIgniter->handleRequest(NULL, Object(Config\Cache), false)
#3 C:\xampp\htdocs\FinTech\public\index.php(37): CodeIgniter\CodeIgniter->run()
#4 {main}
CRITICAL - 2022-04-16 19:04:11 --> Call to undefined function App\Controllers\LoadTemplate()
#0 C:\xampp\htdocs\FinTech\vendor\codeigniter4\framework\system\CodeIgniter.php(832): App\Controllers\FishTanks->index()
#1 C:\xampp\htdocs\FinTech\vendor\codeigniter4\framework\system\CodeIgniter.php(419): CodeIgniter\CodeIgniter->runController(Object(App\Controllers\FishTanks))
#2 C:\xampp\htdocs\FinTech\vendor\codeigniter4\framework\system\CodeIgniter.php(326): CodeIgniter\CodeIgniter->handleRequest(NULL, Object(Config\Cache), false)
#3 C:\xampp\htdocs\FinTech\public\index.php(37): CodeIgniter\CodeIgniter->run()
#4 {main}
CRITICAL - 2022-04-16 19:06:15 --> Call to undefined function App\Controllers\LoadTemplate()
#0 C:\xampp\htdocs\FinTech\vendor\codeigniter4\framework\system\CodeIgniter.php(832): App\Controllers\FishTanks->index()
#1 C:\xampp\htdocs\FinTech\vendor\codeigniter4\framework\system\CodeIgniter.php(419): CodeIgniter\CodeIgniter->runController(Object(App\Controllers\FishTanks))
#2 C:\xampp\htdocs\FinTech\vendor\codeigniter4\framework\system\CodeIgniter.php(326): CodeIgniter\CodeIgniter->handleRequest(NULL, Object(Config\Cache), false)
#3 C:\xampp\htdocs\FinTech\public\index.php(37): CodeIgniter\CodeIgniter->run()
#4 {main}
CRITICAL - 2022-04-16 19:06:17 --> Call to undefined function App\Controllers\LoadTemplate()
#0 C:\xampp\htdocs\FinTech\vendor\codeigniter4\framework\system\CodeIgniter.php(832): App\Controllers\FishTanks->index()
#1 C:\xampp\htdocs\FinTech\vendor\codeigniter4\framework\system\CodeIgniter.php(419): CodeIgniter\CodeIgniter->runController(Object(App\Controllers\FishTanks))
#2 C:\xampp\htdocs\FinTech\vendor\codeigniter4\framework\system\CodeIgniter.php(326): CodeIgniter\CodeIgniter->handleRequest(NULL, Object(Config\Cache), false)
#3 C:\xampp\htdocs\FinTech\public\index.php(37): CodeIgniter\CodeIgniter->run()
#4 {main}
CRITICAL - 2022-04-16 19:06:55 --> syntax error, unexpected token "public", expecting end of file
#0 C:\xampp\htdocs\FinTech\vendor\codeigniter4\framework\system\Controller.php(85): helper(Array)
#1 C:\xampp\htdocs\FinTech\app\Controllers\BaseController.php(46): CodeIgniter\Controller->initController(Object(CodeIgniter\HTTP\IncomingRequest), Object(CodeIgniter\HTTP\Response), Object(CodeIgniter\Log\Logger))
#2 C:\xampp\htdocs\FinTech\vendor\codeigniter4\framework\system\CodeIgniter.php(810): App\Controllers\BaseController->initController(Object(CodeIgniter\HTTP\IncomingRequest), Object(CodeIgniter\HTTP\Response), Object(CodeIgniter\Log\Logger))
#3 C:\xampp\htdocs\FinTech\vendor\codeigniter4\framework\system\CodeIgniter.php(410): CodeIgniter\CodeIgniter->createController()
#4 C:\xampp\htdocs\FinTech\vendor\codeigniter4\framework\system\CodeIgniter.php(326): CodeIgniter\CodeIgniter->handleRequest(NULL, Object(Config\Cache), false)
#5 C:\xampp\htdocs\FinTech\public\index.php(37): CodeIgniter\CodeIgniter->run()
#6 {main}
CRITICAL - 2022-04-16 19:08:12 --> Call to undefined function get_instance()
#0 C:\xampp\htdocs\FinTech\app\Controllers\FishTanks.php(20): LoadTemplate('welcome_message')
#1 C:\xampp\htdocs\FinTech\vendor\codeigniter4\framework\system\CodeIgniter.php(832): App\Controllers\FishTanks->index()
#2 C:\xampp\htdocs\FinTech\vendor\codeigniter4\framework\system\CodeIgniter.php(419): CodeIgniter\CodeIgniter->runController(Object(App\Controllers\FishTanks))
#3 C:\xampp\htdocs\FinTech\vendor\codeigniter4\framework\system\CodeIgniter.php(326): CodeIgniter\CodeIgniter->handleRequest(NULL, Object(Config\Cache), false)
#4 C:\xampp\htdocs\FinTech\public\index.php(37): CodeIgniter\CodeIgniter->run()
#5 {main}
